<?xml version="1.0" encoding="UTF-8"?>
<!-- Generated by org.testng.reporters.JUnitXMLReporter -->
<testsuite ignored="2" hostname="LAPTOP-8EUF05TO" failures="0" tests="10" name="Test" time="0.24" errors="0" timestamp="2023-10-14T14:04:25 IST">
  <testcase classname="groupExecution.testclass2" name="demo1" time="0.015"/>
  <testcase classname="groupExecution.testclass2" name="demo2" time="0.008"/>
  <testcase classname="groupExecution.testclass2" name="demo3" time="0.006"/>
  <testcase classname="groupExecution.testclass1" name="demo1" time="0.006"/>
  <testcase classname="groupExecution.testclass1" name="demo2" time="0.003"/>
  <testcase classname="groupExecution.testclass1" name="demo3" time="0.004"/>
  <testcase classname="groupExecution.testclass4" name="demo2" time="0.002"/>
  <testcase classname="groupExecution.testclass3" name="demo1" time="0.003"/>
  <testcase classname="groupExecution.testclass3" name="demo2" time="0.005"/>
  <testcase classname="groupExecution.testclass3" name="demo3" time="0.003"/>
  <testcase classname="groupExecution.testclass4" name="demo1" time="0.0">
    <ignored/>
  </testcase> <!-- demo1 -->
  <testcase classname="groupExecution.testclass4" name="demo3" time="0.0">
    <ignored/>
  </testcase> <!-- demo3 -->
</testsuite> <!-- Test -->
